<?xml version="1.0" encoding="UTF-8" ?>
<testsuite errors="0" failures="0" hostname="CHLAPTMARKOND" name="com.test.SimpleTest" skipped="0" tests="2" time="0.062" timestamp="2017-03-03T10:46:44">
  <properties>
    <property name="java.vendor" value="Oracle Corporation" />
    <property name="lib.dir" value="WebContent/WEB-INF/lib" />
    <property name="sun.java.launcher" value="SUN_STANDARD" />
    <property name="ant.file.type.AntProject" value="file" />
    <property name="eclipse.pdebuild.templates" value="/C:/Softwares/eclipse-jee-luna-SR2-win32-x86_64 (1)/eclipse/plugins/org.eclipse.pde.build_3.9.0.v20140415-2029/templates/" />
    <property name="sun.management.compiler" value="HotSpot 64-Bit Tiered Compilers" />
    <property name="os.name" value="Windows 7" />
    <property name="sun.boot.class.path" value="C:\Program Files\Java\jre7\lib\resources.jar;C:\Program Files\Java\jre7\lib\rt.jar;C:\Program Files\Java\jre7\lib\sunrsasign.jar;C:\Program Files\Java\jre7\lib\jsse.jar;C:\Program Files\Java\jre7\lib\jce.jar;C:\Program Files\Java\jre7\lib\charsets.jar;C:\Program Files\Java\jre7\lib\jfr.jar;C:\Program Files\Java\jre7\classes" />
    <property name="ant.file.AntProject" value="C:\Softwares\AntProject\build.xml" />
    <property name="sun.desktop" value="windows" />
    <property name="java.vm.specification.vendor" value="Oracle Corporation" />
    <property name="ant.home" value="C:\Softwares\eclipse-jee-luna-SR2-win32-x86_64 (1)\eclipse\plugins\org.apache.ant_1.9.2.v201404171502" />
    <property name="java.runtime.version" value="1.7.0_79-b15" />
    <property name="user.name" value="rr265571" />
    <property name="build.dir" value="build/classes" />
    <property name="user.language" value="en" />
    <property name="sun.boot.library.path" value="C:\Program Files\Java\jre7\bin" />
    <property name="ant.project.default-target" value="test" />
    <property name="ant.project.name" value="AntProject" />
    <property name="java.version" value="1.7.0_79" />
    <property name="user.timezone" value="" />
    <property name="sun.arch.data.model" value="64" />
    <property name="WebContent.dir" value="WebContent" />
    <property name="java.endorsed.dirs" value="C:\Program Files\Java\jre7\lib\endorsed" />
    <property name="sun.cpu.isalist" value="amd64" />
    <property name="sun.jnu.encoding" value="Cp1252" />
    <property name="file.encoding.pkg" value="sun.io" />
    <property name="file.separator" value="\" />
    <property name="java.specification.name" value="Java Platform API Specification" />
    <property name="java.class.version" value="51.0" />
    <property name="user.country" value="US" />
    <property name="java.home" value="C:\Program Files\Java\jre7" />
    <property name="dist.dir" value="dist" />
    <property name="java.vm.info" value="mixed mode" />
    <property name="ant.file" value="C:\Softwares\AntProject\build.xml" />
    <property name="os.version" value="6.1" />
    <property name="test.reports" value="reports" />
    <property name="path.separator" value=";" />
    <property name="java.vm.version" value="24.79-b02" />
    <property name="user.variant" value="" />
    <property name="ant.library.dir" value="C:\Softwares\eclipse-jee-luna-SR2-win32-x86_64 (1)\eclipse\plugins\org.apache.ant_1.9.2.v201404171502\lib" />
    <property name="java.awt.printerjob" value="sun.awt.windows.WPrinterJob" />
    <property name="sun.io.unicode.encoding" value="UnicodeLittle" />
    <property name="awt.toolkit" value="sun.awt.windows.WToolkit" />
    <property name="user.script" value="" />
    <property name="eclipse.pdebuild.scripts" value="/C:/Softwares/eclipse-jee-luna-SR2-win32-x86_64 (1)/eclipse/plugins/org.eclipse.pde.build_3.9.0.v20140415-2029/scripts/" />
    <property name="user.home" value="C:\Users\rr265571" />
    <property name="java.specification.vendor" value="Oracle Corporation" />
    <property name="java.library.path" value="C:\Program Files\Java\jre7\bin;C:\windows\Sun\Java\bin;C:\windows\system32;C:\windows;C:\Program Files\RSA SecurID Token Common;C:\windows\system32;C:\windows;C:\windows\System32\Wbem;C:\windows\System32\WindowsPowerShell\v1.0\;C:\Program Files\Intel\WiFi\bin\;C:\Program Files\Common Files\Intel\WirelessCommon\;C:\Program Files\SlikSvn\bin;C:\Program Files\TortoiseSVN\bin;C:\Program Files\TortoiseGit\bin;C:\Program Files\Git\cmd;C:\Program Files\Java\jdk1.6.0_45\bin;C:\Program Files\Java\jdk1.7.0_79\bin;C:\Program Files\Microsoft SQL Server\110\Tools\Binn\;C:\Program Files (x86)\Microsoft SDKs\TypeScript\1.0\;C:\Program Files\Microsoft SQL Server\120\Tools\Binn\;C:\Tools\apache-ant-1.9.6\bin;C:\Program Files (x86)\Microsoft SDKs\Windows\v8.0A\bin;C:\Program Files (x86)\Microsoft Visual Studio 12.0\Common7\IDE;C:\Strawberry\c\bin;C:\Strawberry\perl\site\bin;C:\Strawberry\perl\bin;%M2_HOME%\bin;C:\windows\system32;C:\windows;C:\windows\System32\Wbem;C:\windows\System32\WindowsPowerShell\v1.0\;C:\Program Files\Intel\WiFi\bin\;C:\Program Files\Common Files\Intel\WirelessCommon\;C:\Softwares\apache-maven-3.0.5\bin;;." />
    <property name="java.vendor.url" value="http://java.oracle.com/" />
    <property name="java.vm.vendor" value="Oracle Corporation" />
    <property name="java.runtime.name" value="Java(TM) SE Runtime Environment" />
    <property name="sun.java.command" value="org.apache.tools.ant.taskdefs.optional.junit.JUnitTestRunner com.test.SimpleTest filtertrace=true haltOnError=false haltOnFailure=true formatter=org.apache.tools.ant.taskdefs.optional.junit.SummaryJUnitResultFormatter showoutput=true outputtoformatters=true logfailedtests=true logtestlistenerevents=false formatter=org.apache.tools.ant.taskdefs.optional.junit.XMLJUnitResultFormatter,C:\Softwares\AntProject\reports\TEST-com.test.SimpleTest.xml crashfile=C:\Softwares\AntProject\junitvmwatcher395240334951565101.properties propsfile=C:\Softwares\AntProject\junit5071803498151283167.properties" />
    <property name="java.class.path" value="C:\Softwares\AntProject\build\classes;C:\Softwares\AntProject\WebContent\WEB-INF\lib\jsp-api.jar;C:\Softwares\AntProject\WebContent\WEB-INF\lib\junit-4.10.jar;C:\Softwares\AntProject\WebContent\WEB-INF\lib\servlet-api.jar;C:\Softwares\eclipse-jee-luna-SR2-win32-x86_64 (1)\eclipse\plugins\org.apache.ant_1.9.2.v201404171502\lib\ant-launcher.jar;C:\Softwares\eclipse-jee-luna-SR2-win32-x86_64 (1)\eclipse\plugins\org.apache.ant_1.9.2.v201404171502\lib\ant.jar;C:\Softwares\eclipse-jee-luna-SR2-win32-x86_64 (1)\eclipse\plugins\org.apache.ant_1.9.2.v201404171502\lib\ant-junit.jar;C:\Softwares\eclipse-jee-luna-SR2-win32-x86_64 (1)\eclipse\plugins\org.apache.ant_1.9.2.v201404171502\lib\ant-junit4.jar" />
    <property name="ant.version" value="Apache Ant(TM) version 1.9.2 compiled on July 8 2013" />
    <property name="java.vm.specification.name" value="Java Virtual Machine Specification" />
    <property name="java.vm.specification.version" value="1.7" />
    <property name="sun.cpu.endian" value="little" />
    <property name="sun.os.patch.level" value="Service Pack 1" />
    <property name="eclipse.pdebuild.home" value="/C:/Softwares/eclipse-jee-luna-SR2-win32-x86_64 (1)/eclipse/plugins/org.eclipse.pde.build_3.9.0.v20140415-2029/./" />
    <property name="java.io.tmpdir" value="C:\Users\rr265571\AppData\Local\Temp\" />
    <property name="java.vendor.url.bug" value="http://bugreport.sun.com/bugreport/" />
    <property name="os.arch" value="amd64" />
    <property name="java.awt.graphicsenv" value="sun.awt.Win32GraphicsEnvironment" />
    <property name="java.ext.dirs" value="C:\Program Files\Java\jre7\lib\ext;C:\windows\Sun\Java\lib\ext" />
    <property name="user.dir" value="C:\Softwares\AntProject" />
    <property name="line.separator" value="&#xd;&#xa;" />
    <property name="java.vm.name" value="Java HotSpot(TM) 64-Bit Server VM" />
    <property name="basedir" value="C:\Softwares\AntProject" />
    <property name="ant.java.version" value="1.7" />
    <property name="ant.core.lib" value="C:\Softwares\eclipse-jee-luna-SR2-win32-x86_64 (1)\eclipse\plugins\org.apache.ant_1.9.2.v201404171502\lib\ant.jar" />
    <property name="file.encoding" value="Cp1252" />
    <property name="java.specification.version" value="1.7" />
    <property name="src.dir" value="src" />
    <property name="ant.project.invoked-targets" value="test" />
  </properties>
  <testcase classname="com.test.SimpleTest" name="testEmptyCollection" time="0.0" />
  <testcase classname="com.test.SimpleTest" name="testOneItemCollection" time="0.0" />
  <system-out><![CDATA[Enter oneTimeSetUp()
Enter setUp()
Enter testEmptyCollection()
Enter tearDown() 
Enter setUp()
Enter testOneItemCollection()
Enter tearDown() 
oneTimeTearDown()
]]></system-out>
  <system-err><![CDATA[]]></system-err>
</testsuite>
